GAS LISTING C:\Users\hp\AppData\Local\Temp/cc2XfxxA.s 			page 1


   1               		.file	"adcuart.c"
   2               	__SREG__ = 0x3f
   3               	__SP_H__ = 0x3e
   4               	__SP_L__ = 0x3d
   5               	__tmp_reg__ = 0
   6               	__zero_reg__ = 1
   7               		.global __do_copy_data
   8               		.global __do_clear_bss
   9               		.text
  10               	.global	main
  11               		.type	main, @function
  12               	main:
  13               	/* prologue: frame size=0 */
  14 0000 CF93      		push r28
  15 0002 DF93      		push r29
  16 0004 CDB7      		in r28,__SP_L__
  17 0006 DEB7      		in r29,__SP_H__
  18               	/* prologue end (size=4) */
  19 0008 E7E2      		ldi r30,lo8(39)
  20 000a F0E0      		ldi r31,hi8(39)
  21 000c 1082      		st Z,__zero_reg__
  22 000e E6E2      		ldi r30,lo8(38)
  23 0010 F0E0      		ldi r31,hi8(38)
  24 0012 87E8      		ldi r24,lo8(-121)
  25 0014 8083      		st Z,r24
  26 0016 E9E2      		ldi r30,lo8(41)
  27 0018 F0E0      		ldi r31,hi8(41)
  28 001a 87E6      		ldi r24,lo8(103)
  29 001c 8083      		st Z,r24
  30 001e EBE2      		ldi r30,lo8(43)
  31 0020 F0E0      		ldi r31,hi8(43)
  32 0022 1082      		st Z,__zero_reg__
  33 0024 EAE2      		ldi r30,lo8(42)
  34 0026 F0E0      		ldi r31,hi8(42)
  35 0028 88E1      		ldi r24,lo8(24)
  36 002a 8083      		st Z,r24
  37 002c E5E9      		ldi r30,lo8(149)
  38 002e F0E0      		ldi r31,hi8(149)
  39 0030 86E0      		ldi r24,lo8(6)
  40 0032 8083      		st Z,r24
  41 0034 E3E5      		ldi r30,lo8(83)
  42 0036 F0E0      		ldi r31,hi8(83)
  43 0038 87E0      		ldi r24,lo8(7)
  44 003a 8083      		st Z,r24
  45 003c E7E5      		ldi r30,lo8(87)
  46 003e F0E0      		ldi r31,hi8(87)
  47 0040 81E0      		ldi r24,lo8(1)
  48 0042 8083      		st Z,r24
  49 0044 0E94 0000 		call OSInit
  50 0048 80E0      		ldi r24,lo8(s1+127)
  51 004a 90E0      		ldi r25,hi8(s1+127)
  52 004c E0E0      		ldi r30,lo8(gs(adc))
  53 004e F0E0      		ldi r31,hi8(gs(adc))
  54 0050 24E0      		ldi r18,lo8(4)
  55 0052 AC01      		movw r20,r24
  56 0054 6FEF      		ldi r22,lo8(255)
  57 0056 70E0      		ldi r23,hi8(255)
GAS LISTING C:\Users\hp\AppData\Local\Temp/cc2XfxxA.s 			page 2


  58 0058 CF01      		movw r24,r30
  59 005a 0E94 0000 		call OSTaskCreate
  60 005e 80E0      		ldi r24,lo8(s2+127)
  61 0060 90E0      		ldi r25,hi8(s2+127)
  62 0062 E0E0      		ldi r30,lo8(gs(uart))
  63 0064 F0E0      		ldi r31,hi8(gs(uart))
  64 0066 25E0      		ldi r18,lo8(5)
  65 0068 AC01      		movw r20,r24
  66 006a 6FEF      		ldi r22,lo8(255)
  67 006c 70E0      		ldi r23,hi8(255)
  68 006e CF01      		movw r24,r30
  69 0070 0E94 0000 		call OSTaskCreate
  70 0074 0E94 0000 		call OSStart
  71               	/* epilogue: frame size=0 */
  72 0078 DF91      		pop r29
  73 007a CF91      		pop r28
  74 007c 0895      		ret
  75               	/* epilogue end (size=3) */
  76               	/* function main size 63 (56) */
  77               		.size	main, .-main
  78               		.data
  79               	.LC0:
  80 0000 6164 633D 		.string	"adc=%d\r"
  80      2564 0D00 
  81               		.text
  82               	.global	adc
  83               		.type	adc, @function
  84               	adc:
  85               	/* prologue: frame size=0 */
  86 007e CF93      		push r28
  87 0080 DF93      		push r29
  88 0082 CDB7      		in r28,__SP_L__
  89 0084 DEB7      		in r29,__SP_H__
  90               	/* prologue end (size=4) */
  91               	.L4:
  92 0086 A6E2      		ldi r26,lo8(38)
  93 0088 B0E0      		ldi r27,hi8(38)
  94 008a E6E2      		ldi r30,lo8(38)
  95 008c F0E0      		ldi r31,hi8(38)
  96 008e 8081      		ld r24,Z
  97 0090 8064      		ori r24,lo8(64)
  98 0092 8C93      		st X,r24
  99               	.L5:
 100 0094 E6E2      		ldi r30,lo8(38)
 101 0096 F0E0      		ldi r31,hi8(38)
 102 0098 8081      		ld r24,Z
 103 009a 882F      		mov r24,r24
 104 009c 90E0      		ldi r25,lo8(0)
 105 009e 8074      		andi r24,lo8(64)
 106 00a0 9070      		andi r25,hi8(64)
 107 00a2 0097      		sbiw r24,0
 108 00a4 01F4      		brne .L5
 109 00a6 E4E2      		ldi r30,lo8(36)
 110 00a8 F0E0      		ldi r31,hi8(36)
 111 00aa 8081      		ld r24,Z
 112 00ac 282F      		mov r18,r24
 113 00ae 30E0      		ldi r19,lo8(0)
GAS LISTING C:\Users\hp\AppData\Local\Temp/cc2XfxxA.s 			page 3


 114 00b0 E5E2      		ldi r30,lo8(37)
 115 00b2 F0E0      		ldi r31,hi8(37)
 116 00b4 8081      		ld r24,Z
 117 00b6 882F      		mov r24,r24
 118 00b8 90E0      		ldi r25,lo8(0)
 119 00ba 982F      		mov r25,r24
 120 00bc 8827      		clr r24
 121 00be 822B      		or r24,r18
 122 00c0 932B      		or r25,r19
 123 00c2 9093 0000 		sts (result)+1,r25
 124 00c6 8093 0000 		sts result,r24
 125 00ca 8091 0000 		lds r24,result
 126 00ce 9091 0000 		lds r25,(result)+1
 127 00d2 9F93      		push r25
 128 00d4 8F93      		push r24
 129 00d6 80E0      		ldi r24,lo8(.LC0)
 130 00d8 90E0      		ldi r25,hi8(.LC0)
 131 00da 9F93      		push r25
 132 00dc 8F93      		push r24
 133 00de 80E0      		ldi r24,lo8(d)
 134 00e0 90E0      		ldi r25,hi8(d)
 135 00e2 9F93      		push r25
 136 00e4 8F93      		push r24
 137 00e6 0E94 0000 		call sprintf
 138 00ea 8DB7      		in r24,__SP_L__
 139 00ec 9EB7      		in r25,__SP_H__
 140 00ee 0696      		adiw r24,6
 141 00f0 0FB6      		in __tmp_reg__,__SREG__
 142 00f2 F894      		cli
 143 00f4 9EBF      		out __SP_H__,r25
 144 00f6 0FBE      		out __SREG__,__tmp_reg__
 145 00f8 8DBF      		out __SP_L__,r24
 146 00fa 8DE3      		ldi r24,lo8(61)
 147 00fc 90E0      		ldi r25,hi8(61)
 148 00fe 0E94 0000 		call OSTimeDly
 149 0102 00C0      		rjmp .L4
 150               	/* epilogue: frame size=0 */
 151               	/* epilogue: noreturn */
 152               	/* epilogue end (size=0) */
 153               	/* function adc size 67 (63) */
 154               		.size	adc, .-adc
 155               	.global	uart
 156               		.type	uart, @function
 157               	uart:
 158               	/* prologue: frame size=2 */
 159 0104 CF93      		push r28
 160 0106 DF93      		push r29
 161 0108 CDB7      		in r28,__SP_L__
 162 010a DEB7      		in r29,__SP_H__
 163 010c 2297      		sbiw r28,2
 164 010e 0FB6      		in __tmp_reg__,__SREG__
 165 0110 F894      		cli
 166 0112 DEBF      		out __SP_H__,r29
 167 0114 0FBE      		out __SREG__,__tmp_reg__
 168 0116 CDBF      		out __SP_L__,r28
 169               	/* prologue end (size=10) */
 170               	.L9:
GAS LISTING C:\Users\hp\AppData\Local\Temp/cc2XfxxA.s 			page 4


 171 0118 1A82      		std Y+2,__zero_reg__
 172 011a 1982      		std Y+1,__zero_reg__
 173 011c 00C0      		rjmp .L10
 174               	.L11:
 175 011e ACE2      		ldi r26,lo8(44)
 176 0120 B0E0      		ldi r27,hi8(44)
 177 0122 8981      		ldd r24,Y+1
 178 0124 9A81      		ldd r25,Y+2
 179 0126 FC01      		movw r30,r24
 180 0128 E050      		subi r30,lo8(-(d))
 181 012a F040      		sbci r31,hi8(-(d))
 182 012c 8081      		ld r24,Z
 183 012e 8C93      		st X,r24
 184               	.L12:
 185 0130 EBE2      		ldi r30,lo8(43)
 186 0132 F0E0      		ldi r31,hi8(43)
 187 0134 8081      		ld r24,Z
 188 0136 882F      		mov r24,r24
 189 0138 90E0      		ldi r25,lo8(0)
 190 013a 8072      		andi r24,lo8(32)
 191 013c 9070      		andi r25,hi8(32)
 192 013e 0097      		sbiw r24,0
 193 0140 01F0      		breq .L12
 194 0142 8981      		ldd r24,Y+1
 195 0144 9A81      		ldd r25,Y+2
 196 0146 0196      		adiw r24,1
 197 0148 9A83      		std Y+2,r25
 198 014a 8983      		std Y+1,r24
 199               	.L10:
 200 014c 8981      		ldd r24,Y+1
 201 014e 9A81      		ldd r25,Y+2
 202 0150 FC01      		movw r30,r24
 203 0152 E050      		subi r30,lo8(-(d))
 204 0154 F040      		sbci r31,hi8(-(d))
 205 0156 8081      		ld r24,Z
 206 0158 8823      		tst r24
 207 015a 01F4      		brne .L11
 208 015c 00C0      		rjmp .L9
 209               	/* epilogue: frame size=2 */
 210               	/* epilogue: noreturn */
 211               	/* epilogue end (size=0) */
 212               	/* function uart size 45 (35) */
 213               		.size	uart, .-uart
 214               		.comm s1,128,1
 215               		.comm s2,128,1
 216               		.comm d,20,1
 217               		.comm result,2,1
 218               	/* File "adcuart.c": code  175 = 0x00af ( 154), prologues  18, epilogues   3 */
GAS LISTING C:\Users\hp\AppData\Local\Temp/cc2XfxxA.s 			page 5


DEFINED SYMBOLS
                            *ABS*:00000000 adcuart.c
C:\Users\hp\AppData\Local\Temp/cc2XfxxA.s:2      *ABS*:0000003f __SREG__
C:\Users\hp\AppData\Local\Temp/cc2XfxxA.s:3      *ABS*:0000003e __SP_H__
C:\Users\hp\AppData\Local\Temp/cc2XfxxA.s:4      *ABS*:0000003d __SP_L__
C:\Users\hp\AppData\Local\Temp/cc2XfxxA.s:5      *ABS*:00000000 __tmp_reg__
C:\Users\hp\AppData\Local\Temp/cc2XfxxA.s:6      *ABS*:00000001 __zero_reg__
C:\Users\hp\AppData\Local\Temp/cc2XfxxA.s:12     .text:00000000 main
                            *COM*:00000080 s1
C:\Users\hp\AppData\Local\Temp/cc2XfxxA.s:84     .text:0000007e adc
                            *COM*:00000080 s2
C:\Users\hp\AppData\Local\Temp/cc2XfxxA.s:157    .text:00000104 uart
                            *COM*:00000002 result
                            *COM*:00000014 d

UNDEFINED SYMBOLS
__do_copy_data
__do_clear_bss
OSInit
OSTaskCreate
OSStart
sprintf
OSTimeDly
