GAS LISTING C:\Users\hp\AppData\Local\Temp/ccF3cUy2.s 			page 1


   1               		.file	"new.c"
   2               	__SREG__ = 0x3f
   3               	__SP_H__ = 0x3e
   4               	__SP_L__ = 0x3d
   5               	__tmp_reg__ = 0
   6               	__zero_reg__ = 1
   7               		.global __do_copy_data
   8               		.global __do_clear_bss
   9               		.text
  10               	.global	main
  11               		.type	main, @function
  12               	main:
  13               	/* prologue: frame size=0 */
  14 0000 CF93      		push r28
  15 0002 DF93      		push r29
  16 0004 CDB7      		in r28,__SP_L__
  17 0006 DEB7      		in r29,__SP_H__
  18               	/* prologue end (size=4) */
  19 0008 E7E2      		ldi r30,lo8(39)
  20 000a F0E0      		ldi r31,hi8(39)
  21 000c 80E4      		ldi r24,lo8(64)
  22 000e 8083      		st Z,r24
  23 0010 E6E2      		ldi r30,lo8(38)
  24 0012 F0E0      		ldi r31,hi8(38)
  25 0014 87E8      		ldi r24,lo8(-121)
  26 0016 8083      		st Z,r24
  27 0018 E9E2      		ldi r30,lo8(41)
  28 001a F0E0      		ldi r31,hi8(41)
  29 001c 87E6      		ldi r24,lo8(103)
  30 001e 8083      		st Z,r24
  31 0020 EBE2      		ldi r30,lo8(43)
  32 0022 F0E0      		ldi r31,hi8(43)
  33 0024 1082      		st Z,__zero_reg__
  34 0026 EAE2      		ldi r30,lo8(42)
  35 0028 F0E0      		ldi r31,hi8(42)
  36 002a 88E1      		ldi r24,lo8(24)
  37 002c 8083      		st Z,r24
  38 002e E5E9      		ldi r30,lo8(149)
  39 0030 F0E0      		ldi r31,hi8(149)
  40 0032 86E0      		ldi r24,lo8(6)
  41 0034 8083      		st Z,r24
  42 0036 0E94 0000 		call OSInit
  43 003a 80E0      		ldi r24,lo8(s1+127)
  44 003c 90E0      		ldi r25,hi8(s1+127)
  45 003e E0E0      		ldi r30,lo8(gs(adc))
  46 0040 F0E0      		ldi r31,hi8(gs(adc))
  47 0042 24E0      		ldi r18,lo8(4)
  48 0044 AC01      		movw r20,r24
  49 0046 6FEF      		ldi r22,lo8(255)
  50 0048 70E0      		ldi r23,hi8(255)
  51 004a CF01      		movw r24,r30
  52 004c 0E94 0000 		call OSTaskCreate
  53 0050 80E0      		ldi r24,lo8(s2+127)
  54 0052 90E0      		ldi r25,hi8(s2+127)
  55 0054 E0E0      		ldi r30,lo8(gs(uart))
  56 0056 F0E0      		ldi r31,hi8(gs(uart))
  57 0058 25E0      		ldi r18,lo8(5)
GAS LISTING C:\Users\hp\AppData\Local\Temp/ccF3cUy2.s 			page 2


  58 005a AC01      		movw r20,r24
  59 005c 6FEF      		ldi r22,lo8(255)
  60 005e 70E0      		ldi r23,hi8(255)
  61 0060 CF01      		movw r24,r30
  62 0062 0E94 0000 		call OSTaskCreate
  63 0066 0E94 0000 		call OSStart
  64               	/* epilogue: frame size=0 */
  65 006a DF91      		pop r29
  66 006c CF91      		pop r28
  67 006e 0895      		ret
  68               	/* epilogue end (size=3) */
  69               	/* function main size 56 (49) */
  70               		.size	main, .-main
  71               		.data
  72               	.LC0:
  73 0000 6164 633D 		.string	"adc=%d\r"
  73      2564 0D00 
  74               		.text
  75               	.global	adc
  76               		.type	adc, @function
  77               	adc:
  78               	/* prologue: frame size=0 */
  79 0070 CF93      		push r28
  80 0072 DF93      		push r29
  81 0074 CDB7      		in r28,__SP_L__
  82 0076 DEB7      		in r29,__SP_H__
  83               	/* prologue end (size=4) */
  84               	.L4:
  85 0078 A6E2      		ldi r26,lo8(38)
  86 007a B0E0      		ldi r27,hi8(38)
  87 007c E6E2      		ldi r30,lo8(38)
  88 007e F0E0      		ldi r31,hi8(38)
  89 0080 8081      		ld r24,Z
  90 0082 8064      		ori r24,lo8(64)
  91 0084 8C93      		st X,r24
  92               	.L5:
  93 0086 E6E2      		ldi r30,lo8(38)
  94 0088 F0E0      		ldi r31,hi8(38)
  95 008a 8081      		ld r24,Z
  96 008c 882F      		mov r24,r24
  97 008e 90E0      		ldi r25,lo8(0)
  98 0090 8074      		andi r24,lo8(64)
  99 0092 9070      		andi r25,hi8(64)
 100 0094 0097      		sbiw r24,0
 101 0096 01F4      		brne .L5
 102 0098 E4E2      		ldi r30,lo8(36)
 103 009a F0E0      		ldi r31,hi8(36)
 104 009c 8081      		ld r24,Z
 105 009e 282F      		mov r18,r24
 106 00a0 30E0      		ldi r19,lo8(0)
 107 00a2 E5E2      		ldi r30,lo8(37)
 108 00a4 F0E0      		ldi r31,hi8(37)
 109 00a6 8081      		ld r24,Z
 110 00a8 882F      		mov r24,r24
 111 00aa 90E0      		ldi r25,lo8(0)
 112 00ac 982F      		mov r25,r24
 113 00ae 8827      		clr r24
GAS LISTING C:\Users\hp\AppData\Local\Temp/ccF3cUy2.s 			page 3


 114 00b0 822B      		or r24,r18
 115 00b2 932B      		or r25,r19
 116 00b4 9093 0000 		sts (result)+1,r25
 117 00b8 8093 0000 		sts result,r24
 118 00bc 8091 0000 		lds r24,result
 119 00c0 9091 0000 		lds r25,(result)+1
 120 00c4 9F93      		push r25
 121 00c6 8F93      		push r24
 122 00c8 80E0      		ldi r24,lo8(.LC0)
 123 00ca 90E0      		ldi r25,hi8(.LC0)
 124 00cc 9F93      		push r25
 125 00ce 8F93      		push r24
 126 00d0 80E0      		ldi r24,lo8(d)
 127 00d2 90E0      		ldi r25,hi8(d)
 128 00d4 9F93      		push r25
 129 00d6 8F93      		push r24
 130 00d8 0E94 0000 		call sprintf
 131 00dc 8DB7      		in r24,__SP_L__
 132 00de 9EB7      		in r25,__SP_H__
 133 00e0 0696      		adiw r24,6
 134 00e2 0FB6      		in __tmp_reg__,__SREG__
 135 00e4 F894      		cli
 136 00e6 9EBF      		out __SP_H__,r25
 137 00e8 0FBE      		out __SREG__,__tmp_reg__
 138 00ea 8DBF      		out __SP_L__,r24
 139 00ec 8DE3      		ldi r24,lo8(61)
 140 00ee 90E0      		ldi r25,hi8(61)
 141 00f0 0E94 0000 		call OSTimeDly
 142 00f4 00C0      		rjmp .L4
 143               	/* epilogue: frame size=0 */
 144               	/* epilogue: noreturn */
 145               	/* epilogue end (size=0) */
 146               	/* function adc size 67 (63) */
 147               		.size	adc, .-adc
 148               	.global	uart
 149               		.type	uart, @function
 150               	uart:
 151               	/* prologue: frame size=2 */
 152 00f6 CF93      		push r28
 153 00f8 DF93      		push r29
 154 00fa CDB7      		in r28,__SP_L__
 155 00fc DEB7      		in r29,__SP_H__
 156 00fe 2297      		sbiw r28,2
 157 0100 0FB6      		in __tmp_reg__,__SREG__
 158 0102 F894      		cli
 159 0104 DEBF      		out __SP_H__,r29
 160 0106 0FBE      		out __SREG__,__tmp_reg__
 161 0108 CDBF      		out __SP_L__,r28
 162               	/* prologue end (size=10) */
 163               	.L9:
 164 010a 1A82      		std Y+2,__zero_reg__
 165 010c 1982      		std Y+1,__zero_reg__
 166 010e 00C0      		rjmp .L10
 167               	.L11:
 168 0110 ACE2      		ldi r26,lo8(44)
 169 0112 B0E0      		ldi r27,hi8(44)
 170 0114 8981      		ldd r24,Y+1
GAS LISTING C:\Users\hp\AppData\Local\Temp/ccF3cUy2.s 			page 4


 171 0116 9A81      		ldd r25,Y+2
 172 0118 FC01      		movw r30,r24
 173 011a E050      		subi r30,lo8(-(d))
 174 011c F040      		sbci r31,hi8(-(d))
 175 011e 8081      		ld r24,Z
 176 0120 8C93      		st X,r24
 177               	.L12:
 178 0122 EBE2      		ldi r30,lo8(43)
 179 0124 F0E0      		ldi r31,hi8(43)
 180 0126 8081      		ld r24,Z
 181 0128 882F      		mov r24,r24
 182 012a 90E0      		ldi r25,lo8(0)
 183 012c 8072      		andi r24,lo8(32)
 184 012e 9070      		andi r25,hi8(32)
 185 0130 0097      		sbiw r24,0
 186 0132 01F0      		breq .L12
 187 0134 8DE3      		ldi r24,lo8(61)
 188 0136 90E0      		ldi r25,hi8(61)
 189 0138 0E94 0000 		call OSTimeDly
 190 013c 8981      		ldd r24,Y+1
 191 013e 9A81      		ldd r25,Y+2
 192 0140 0196      		adiw r24,1
 193 0142 9A83      		std Y+2,r25
 194 0144 8983      		std Y+1,r24
 195               	.L10:
 196 0146 8981      		ldd r24,Y+1
 197 0148 9A81      		ldd r25,Y+2
 198 014a FC01      		movw r30,r24
 199 014c E050      		subi r30,lo8(-(d))
 200 014e F040      		sbci r31,hi8(-(d))
 201 0150 8081      		ld r24,Z
 202 0152 8823      		tst r24
 203 0154 01F4      		brne .L11
 204 0156 00C0      		rjmp .L9
 205               	/* epilogue: frame size=2 */
 206               	/* epilogue: noreturn */
 207               	/* epilogue end (size=0) */
 208               	/* function uart size 49 (39) */
 209               		.size	uart, .-uart
 210               		.comm s1,128,1
 211               		.comm s2,128,1
 212               		.comm d,20,1
 213               		.comm result,2,1
 214               	/* File "new.c": code  172 = 0x00ac ( 151), prologues  18, epilogues   3 */
GAS LISTING C:\Users\hp\AppData\Local\Temp/ccF3cUy2.s 			page 5


DEFINED SYMBOLS
                            *ABS*:00000000 new.c
C:\Users\hp\AppData\Local\Temp/ccF3cUy2.s:2      *ABS*:0000003f __SREG__
C:\Users\hp\AppData\Local\Temp/ccF3cUy2.s:3      *ABS*:0000003e __SP_H__
C:\Users\hp\AppData\Local\Temp/ccF3cUy2.s:4      *ABS*:0000003d __SP_L__
C:\Users\hp\AppData\Local\Temp/ccF3cUy2.s:5      *ABS*:00000000 __tmp_reg__
C:\Users\hp\AppData\Local\Temp/ccF3cUy2.s:6      *ABS*:00000001 __zero_reg__
C:\Users\hp\AppData\Local\Temp/ccF3cUy2.s:12     .text:00000000 main
                            *COM*:00000080 s1
C:\Users\hp\AppData\Local\Temp/ccF3cUy2.s:77     .text:00000070 adc
                            *COM*:00000080 s2
C:\Users\hp\AppData\Local\Temp/ccF3cUy2.s:150    .text:000000f6 uart
                            *COM*:00000002 result
                            *COM*:00000014 d

UNDEFINED SYMBOLS
__do_copy_data
__do_clear_bss
OSInit
OSTaskCreate
OSStart
sprintf
OSTimeDly
